<?xml version="1.0" encoding="UTF-8"?>
<testsuite name="ContactsTest" tests="1" skipped="0" failures="0" errors="0" timestamp="2020-05-16T19:44:47" hostname="MacBook-Pro-Dmitry.local" time="0.262">
  <properties/>
  <testcase name="start" classname="ContactsTest" time="0.262"/>
  <system-out><![CDATA[?[1;31m
Start test 1?[0m
[menu] Enter action (add, list, search, count, exit):
> exit
?[1;31m
Start test 2?[0m
[menu] Enter action (add, list, search, count, exit):
> count
The Phone Book has 0 records.

[menu] Enter action (add, list, search, count, exit):
> exit
?[1;31m
Start test 3?[0m
[menu] Enter action (add, list, search, count, exit):
> add
Enter the type (person, organization):
> person
Enter the name of the person:
> John
Enter the surname of the person:
> Smith
Enter the birth date:
> 
Bad birth date!
Enter the gender (M, F):
> 
Bad gender!
Enter the number:
> 123 456 789
The record added.

[menu] Enter action (add, list, search, count, exit):
> count
The Phone Book has 1 records.

[menu] Enter action (add, list, search, count, exit):
> exit
?[1;31m
Start test 4?[0m
[menu] Enter action (add, list, search, count, exit):
> add
Enter the type (person, organization):
> person
Enter the name of the person:
> John
Enter the surname of the person:
> Smith
Enter the birth date:
> 
Bad birth date!
Enter the gender (M, F):
> 
Bad gender!
Enter the number:
> 123 456 789
The record added.

[menu] Enter action (add, list, search, count, exit):
> list
1. John Smith

[list] Enter action ([number], back):
> 1
Name: John
Surname: Smith
Birth date: [no data]
Gender: [no data]
Number: 123 456 789
Time created: 2020-05-16T22:44:47.710925
Time last edit: 2020-05-16T22:44:47.710944

[record] Enter action([edit, delete, menu]):
> menu
[menu] Enter action (add, list, search, count, exit):
> exit
?[1;31m
Start test 5?[0m
[menu] Enter action (add, list, search, count, exit):
> add
Enter the type (person, organization):
> organization
Enter the organization name:
> Pizza Shop
Enter the address:
> Wall St. 1
Enter the number:
> +0 (123) 456-789-9999
The record added.

[menu] Enter action (add, list, search, count, exit):
> list
1. Pizza Shop

[list] Enter action ([number], back):
> 1
Organization name: Pizza Shop
Address: Wall St. 1
Number: +0 (123) 456-789-9999
Time created: 2020-05-16T22:44:47.763591
Time last edit: 2020-05-16T22:44:47.763619

[record] Enter action([edit, delete, menu]):
> menu
[menu] Enter action (add, list, search, count, exit):
> exit
?[1;31m
Start test 6?[0m
[menu] Enter action (add, list, search, count, exit):
> add
Enter the type (person, organization):
> person
Enter the name of the person:
> John
Enter the surname of the person:
> Smith
Enter the birth date:
> 
Bad birth date!
Enter the gender (M, F):
> 
Bad gender!
Enter the number:
> 123 456 789
The record added.

[menu] Enter action (add, list, search, count, exit):
> list
1. John Smith

[list] Enter action ([number], back):
> 1
Name: John
Surname: Smith
Birth date: [no data]
Gender: [no data]
Number: 123 456 789
Time created: 2020-05-16T22:44:47.786842
Time last edit: 2020-05-16T22:44:47.786858

[record] Enter action([edit, delete, menu]):
> edit
Select a field (name, surname, birth, gender, number):
> gender
Enter the gender (M, F):
> M
Saved
Name: John
Surname: Smith
Birth date: [no data]
Gender: M
Number: 123 456 789
Time created: 2020-05-16T22:44:47.786842
Time last edit: 2020-05-16T22:44:47.795244

[record] Enter action([edit, delete, menu]):
> menu
[menu] Enter action (add, list, search, count, exit):
> list
1. John Smith

[list] Enter action ([number], back):
> 1
Name: John
Surname: Smith
Birth date: [no data]
Gender: M
Number: 123 456 789
Time created: 2020-05-16T22:44:47.786842
Time last edit: 2020-05-16T22:44:47.795244

[record] Enter action([edit, delete, menu]):
> menu
[menu] Enter action (add, list, search, count, exit):
> exit
?[1;31m
Start test 7?[0m
[menu] Enter action (add, list, search, count, exit):
> add
Enter the type (person, organization):
> organization
Enter the organization name:
> Pizza Shop
Enter the address:
> Wall St. 1
Enter the number:
> +0 (123) 456-789-9999
The record added.

[menu] Enter action (add, list, search, count, exit):
> list
1. Pizza Shop

[list] Enter action ([number], back):
> 1
Organization name: Pizza Shop
Address: Wall St. 1
Number: +0 (123) 456-789-9999
Time created: 2020-05-16T22:44:47.807086
Time last edit: 2020-05-16T22:44:47.807104

[record] Enter action([edit, delete, menu]):
> edit
Select a field (name, address, number):
> address
Enter the address:
> Wall St 2
Saved
Organization name: Pizza Shop
Address: Wall St 2
Number: +0 (123) 456-789-9999
Time created: 2020-05-16T22:44:47.807086
Time last edit: 2020-05-16T22:44:47.813817

[record] Enter action([edit, delete, menu]):
> menu
[menu] Enter action (add, list, search, count, exit):
> list
1. Pizza Shop

[list] Enter action ([number], back):
> 1
Organization name: Pizza Shop
Address: Wall St 2
Number: +0 (123) 456-789-9999
Time created: 2020-05-16T22:44:47.807086
Time last edit: 2020-05-16T22:44:47.813817

[record] Enter action([edit, delete, menu]):
> menu
[menu] Enter action (add, list, search, count, exit):
> exit
?[1;31m
Start test 8?[0m
[menu] Enter action (add, list, search, count, exit):
> add
Enter the type (person, organization):
> organization
Enter the organization name:
> Pizza Shop
Enter the address:
> Wall St. 1
Enter the number:
> +0 (123) 456-789-9999
The record added.

[menu] Enter action (add, list, search, count, exit):
> add
Enter the type (person, organization):
> person
Enter the name of the person:
> John
Enter the surname of the person:
> Smith
Enter the birth date:
> 
Bad birth date!
Enter the gender (M, F):
> 
Bad gender!
Enter the number:
> 123 456 789
The record added.

[menu] Enter action (add, list, search, count, exit):
> add
Enter the type (person, organization):
> organization
Enter the organization name:
> PizzaNuts
Enter the address:
> Wall St. 6
Enter the number:
> +0 (123) 456-789-9999
The record added.

[menu] Enter action (add, list, search, count, exit):
> search
Enter search query:
> pizz
Found 2 results
1. Pizza Shop
2. PizzaNuts
[search] Enter action ([number], back, again):
> 1
Organization name: Pizza Shop
Address: Wall St. 1
Number: +0 (123) 456-789-9999
Time created: 2020-05-16T22:44:47.824476
Time last edit: 2020-05-16T22:44:47.824495

[record] Enter action([edit, delete, menu]):
> menu
[menu] Enter action (add, list, search, count, exit):
> exit
?[1;31m
Start test 9?[0m
[menu] Enter action (add, list, search, count, exit):
> add
Enter the type (person, organization):
> organization
Enter the organization name:
> Pizza Shop
Enter the address:
> Wall St. 1
Enter the number:
> +0 (123) 456-789-9999
The record added.

[menu] Enter action (add, list, search, count, exit):
> add
Enter the type (person, organization):
> person
Enter the name of the person:
> John
Enter the surname of the person:
> Smith
Enter the birth date:
> 
Bad birth date!
Enter the gender (M, F):
> 
Bad gender!
Enter the number:
> 123 456 789
The record added.

[menu] Enter action (add, list, search, count, exit):
> add
Enter the type (person, organization):
> organization
Enter the organization name:
> PizzaNuts
Enter the address:
> Wall St. 6
Enter the number:
> +0 (123) 456-789-9999
The record added.

[menu] Enter action (add, list, search, count, exit):
> search
Enter search query:
> s
Found 3 results
1. Pizza Shop
2. John Smith
3. PizzaNuts
[search] Enter action ([number], back, again):
> 1
Organization name: Pizza Shop
Address: Wall St. 1
Number: +0 (123) 456-789-9999
Time created: 2020-05-16T22:44:47.854355
Time last edit: 2020-05-16T22:44:47.854382

[record] Enter action([edit, delete, menu]):
> menu
[menu] Enter action (add, list, search, count, exit):
> exit
?[1;31m
Start test 10?[0m
[menu] Enter action (add, list, search, count, exit):
> add
Enter the type (person, organization):
> organization
Enter the organization name:
> Pizza Shop
Enter the address:
> Wall St. 1
Enter the number:
> +0 (123) 456-789-9999
The record added.

[menu] Enter action (add, list, search, count, exit):
> add
Enter the type (person, organization):
> person
Enter the name of the person:
> John
Enter the surname of the person:
> Smith
Enter the birth date:
> 
Bad birth date!
Enter the gender (M, F):
> 
Bad gender!
Enter the number:
> 123 456 789
The record added.

[menu] Enter action (add, list, search, count, exit):
> add
Enter the type (person, organization):
> organization
Enter the organization name:
> PizzaNuts
Enter the address:
> Wall St. 6
Enter the number:
> +0 (123) 456-781-9999
The record added.

[menu] Enter action (add, list, search, count, exit):
> search
Enter search query:
> 789
Found 2 results
1. Pizza Shop
2. John Smith
[search] Enter action ([number], back, again):
> 1
Organization name: Pizza Shop
Address: Wall St. 1
Number: +0 (123) 456-789-9999
Time created: 2020-05-16T22:44:47.872295
Time last edit: 2020-05-16T22:44:47.872313

[record] Enter action([edit, delete, menu]):
> menu
[menu] Enter action (add, list, search, count, exit):
> exit
]]></system-out>
  <system-err><![CDATA[]]></system-err>
</testsuite>
